<?xml version="1.0" encoding="UTF-8"?>
<testsuite name="com.dubinetska.hotelBooking.HotelBookingApplicationTests" tests="1" skipped="0" failures="0" errors="0" timestamp="2025-03-16T13:14:49.623Z" hostname="DESKTOP-RH5M7M8" time="2.729">
  <properties/>
  <testcase name="contextLoads()" classname="com.dubinetska.hotelBooking.HotelBookingApplicationTests" time="2.729"/>
  <system-out><![CDATA[14:14:44.816 [Test worker] INFO org.springframework.test.context.support.AnnotationConfigContextLoaderUtils -- Could not detect default configuration classes for test class [com.dubinetska.hotelBooking.HotelBookingApplicationTests]: HotelBookingApplicationTests does not declare any static, non-private, non-final, nested classes annotated with @Configuration.
14:14:45.452 [Test worker] INFO org.springframework.boot.test.context.SpringBootTestContextBootstrapper -- Found @SpringBootConfiguration com.dubinetska.hotelBooking.HotelBookingApplication for test class com.dubinetska.hotelBooking.HotelBookingApplicationTests

  .   ____          _            __ _ _
 /\\ / ___'_ __ _ _(_)_ __  __ _ \ \ \ \
( ( )\___ | '_ | '_| | '_ \/ _` | \ \ \ \
 \\/  ___)| |_)| | | | | || (_| |  ) ) ) )
  '  |____| .__|_| |_|_| |_\__, | / / / /
 =========|_|==============|___/=/_/_/_/

 :: Spring Boot ::                (v3.4.3)

2025-03-16T14:14:46.887+01:00  INFO 6532 --- [hotelBooking] [    Test worker] c.d.h.HotelBookingApplicationTests       : Starting HotelBookingApplicationTests using Java 21.0.6 with PID 6532 (started by LENOVO in C:\Users\LENOVO\MAIN\dev\spring\hotelBooking)
2025-03-16T14:14:46.890+01:00  INFO 6532 --- [hotelBooking] [    Test worker] c.d.h.HotelBookingApplicationTests       : No active profile set, falling back to 1 default profile: "default"
2025-03-16T14:14:49.582+01:00  INFO 6532 --- [hotelBooking] [    Test worker] c.d.h.HotelBookingApplicationTests       : Started HotelBookingApplicationTests in 3.609 seconds (process running for 7.527)
]]></system-out>
  <system-err><![CDATA[Mockito is currently self-attaching to enable the inline-mock-maker. This will no longer work in future releases of the JDK. Please add Mockito as an agent to your build what is described in Mockito's documentation: https://javadoc.io/doc/org.mockito/mockito-core/latest/org/mockito/Mockito.html#0.3
WARNING: A Java agent has been loaded dynamically (C:\Users\LENOVO\.gradle\caches\modules-2\files-2.1\net.bytebuddy\byte-buddy-agent\1.15.11\a38b16385e867f59a641330f0362ebe742788ed8\byte-buddy-agent-1.15.11.jar)
WARNING: If a serviceability tool is in use, please run with -XX:+EnableDynamicAgentLoading to hide this warning
WARNING: If a serviceability tool is not in use, please run with -Djdk.instrument.traceUsage for more information
WARNING: Dynamic loading of agents will be disallowed by default in a future release
]]></system-err>
</testsuite>
